c:\users\kajol\desktop\evon\image-processing-lab-final-master\cohensutherlandlineclipping\x64\debug\vc142.pdb
c:\users\kajol\desktop\evon\image-processing-lab-final-master\cohensutherlandlineclipping\x64\debug\vc142.idb
c:\users\kajol\desktop\evon\image-processing-lab-final-master\cohensutherlandlineclipping\x64\debug\source.obj
c:\users\kajol\desktop\evon\image_processing\cohensutherlandlineclipping\x64\debug\vc142.pdb
c:\users\kajol\desktop\evon\image_processing\cohensutherlandlineclipping\x64\debug\vc142.idb
c:\users\kajol\desktop\evon\image_processing\cohensutherlandlineclipping\x64\debug\source.obj
c:\users\kajol\desktop\evon\image-processing-lab-final-master\x64\debug\cohensutherlandlineclipping.ilk
c:\users\kajol\desktop\evon\image-processing-lab-final-master\x64\debug\cohensutherlandlineclipping.exe
c:\users\kajol\desktop\evon\image-processing-lab-final-master\x64\debug\cohensutherlandlineclipping.pdb
c:\users\kajol\desktop\evon\image_processing\x64\debug\cohensutherlandlineclipping.exe
c:\users\kajol\desktop\evon\image_processing\x64\debug\cohensutherlandlineclipping.ilk
c:\users\kajol\desktop\evon\image_processing\x64\debug\cohensutherlandlineclipping.pdb
c:\users\kajol\desktop\t\computer_graphics_lab\x64\debug\cohensutherlandlineclipping.pdb
c:\users\kajol\desktop\t\computer_graphics_lab\x64\debug\cohensutherlandlineclipping.exe
c:\users\kajol\desktop\t\computer_graphics_lab\x64\debug\cohensutherlandlineclipping.ilk
c:\users\kajol\desktop\t\computer_graphics_lab\cohensutherlandlineclipping\x64\debug\cohensut.dec9f506.tlog\cl.command.1.tlog
c:\users\kajol\desktop\t\computer_graphics_lab\cohensutherlandlineclipping\x64\debug\cohensut.dec9f506.tlog\cl.read.1.tlog
c:\users\kajol\desktop\t\computer_graphics_lab\cohensutherlandlineclipping\x64\debug\cohensut.dec9f506.tlog\cl.write.1.tlog
c:\users\kajol\desktop\t\computer_graphics_lab\cohensutherlandlineclipping\x64\debug\cohensut.dec9f506.tlog\link.command.1.tlog
c:\users\kajol\desktop\t\computer_graphics_lab\cohensutherlandlineclipping\x64\debug\cohensut.dec9f506.tlog\link.read.1.tlog
c:\users\kajol\desktop\t\computer_graphics_lab\cohensutherlandlineclipping\x64\debug\cohensut.dec9f506.tlog\link.write.1.tlog
